<?xml version="1.0" encoding="UTF-8"?>
<!-- Generated by org.testng.reporters.JUnitReportReporter -->
<testsuite hostname="DESKTOP-1F9SE2L" name="AleartClass1507" tests="1" failures="0" timestamp="17 Jul 2021 15:36:43 GMT" time="8.692" errors="0">
  <testcase name="checkboxmodule" time="8.692" classname="AleartClass1507"/>
</testsuite> <!-- AleartClass1507 -->
