<?xml version="1.0" encoding="UTF-8"?>
<!-- Generated by org.testng.reporters.JUnitReportReporter -->
<testsuite hostname="DESKTOP-1F9SE2L" name="CheckBoxclass" tests="1" failures="0" timestamp="15 Jul 2021 07:28:56 GMT" time="14.699" errors="0">
  <testcase name="checkboxmodule" time="14.699" classname="CheckBoxclass"/>
</testsuite> <!-- CheckBoxclass -->
