<?xml version="1.0" encoding="UTF-8"?>
<!-- Generated by org.testng.reporters.JUnitReportReporter -->
<testsuite hostname="DESKTOP-1F9SE2L" name="ToolTip" tests="1" failures="0" timestamp="24 Jul 2021 13:15:50 GMT" time="28.053" errors="0">
  <testcase name="tooltipModule" time="28.053" classname="ToolTip"/>
</testsuite> <!-- ToolTip -->
