<?xml version="1.0" encoding="UTF-8"?>
<!-- Generated by org.testng.reporters.JUnitReportReporter -->
<testsuite hostname="DESKTOP-1F9SE2L" name="MultipleWindows" tests="1" failures="0" timestamp="17 Jul 2021 16:40:11 GMT" time="13.347" errors="0">
  <testcase name="WindowsModule" time="13.347" classname="MultipleWindows"/>
</testsuite> <!-- MultipleWindows -->
