<?xml version="1.0" encoding="UTF-8"?>
<!-- Generated by org.testng.reporters.JUnitReportReporter -->
<testsuite hostname="DESKTOP-1F9SE2L" name="ScreenshortNormal" tests="1" failures="0" timestamp="20 Jul 2021 15:46:08 GMT" time="8.311" errors="0">
  <testcase name="ssModule" time="8.311" classname="ScreenshortNormal"/>
</testsuite> <!-- ScreenshortNormal -->
