<?xml version="1.0" encoding="UTF-8"?>
<!-- Generated by org.testng.reporters.JUnitReportReporter -->
<testsuite hostname="DESKTOP-1F9SE2L" name="RadioButtonclass" tests="1" failures="0" timestamp="15 Jul 2021 02:54:40 GMT" time="12.483" errors="0">
  <testcase name="radiobuttinmodule" time="12.483" classname="RadioButtonclass"/>
</testsuite> <!-- RadioButtonclass -->
