<?xml version="1.0" encoding="UTF-8"?>
<!-- Generated by org.testng.reporters.JUnitReportReporter -->
<testsuite hostname="DESKTOP-1F9SE2L" name="ScreenshortRobortclass" tests="1" failures="0" timestamp="20 Jul 2021 16:45:31 GMT" time="12.527" errors="0">
  <testcase name="ssModule1" time="12.527" classname="ScreenshortRobortclass"/>
</testsuite> <!-- ScreenshortRobortclass -->
