<?xml version="1.0" encoding="UTF-8"?>
<!-- Generated by org.testng.reporters.JUnitReportReporter -->
<testsuite hostname="DESKTOP-1F9SE2L" name="ButtonClass" tests="1" failures="0" timestamp="14 Jul 2021 17:13:13 GMT" time="13.190" errors="0">
  <testcase name="ButtonModule" time="13.190" classname="ButtonClass"/>
</testsuite> <!-- ButtonClass -->
