<?xml version="1.0" encoding="UTF-8"?>
<!-- Generated by org.testng.reporters.JUnitReportReporter -->
<testsuite hostname="DESKTOP-1F9SE2L" name="iFrames" tests="1" failures="0" timestamp="19 Jul 2021 07:35:33 GMT" time="10.891" errors="0">
  <testcase name="iFrameModule" time="10.891" classname="iFrames"/>
</testsuite> <!-- iFrames -->
