<?xml version="1.0" encoding="UTF-8"?>
<!-- Generated by org.testng.reporters.JUnitReportReporter -->
<testsuite hostname="DESKTOP-1F9SE2L" name="OrderedList" tests="1" failures="0" timestamp="20 Jul 2021 09:46:19 GMT" time="14.552" errors="0">
  <testcase name="OrderedListModule" time="14.552" classname="OrderedList"/>
</testsuite> <!-- OrderedList -->
