<?xml version="1.0" encoding="UTF-8"?>
<!-- Generated by org.testng.reporters.JUnitReportReporter -->
<testsuite hostname="DESKTOP-1F9SE2L" name="ConfigProgram" tests="1" failures="0" timestamp="23 Jul 2021 16:11:36 GMT" time="15.574" errors="0">
  <testcase name="ConfigModule" time="15.574" classname="ConfigProgram"/>
</testsuite> <!-- ConfigProgram -->
