<?xml version="1.0" encoding="UTF-8"?>
<!-- Generated by org.testng.reporters.JUnitReportReporter -->
<testsuite hostname="DESKTOP-1F9SE2L" name="AleartClass15072" tests="1" failures="0" timestamp="15 Jul 2021 12:13:11 GMT" time="16.056" errors="0">
  <testcase name="checkboxmodule" time="16.056" classname="AleartClass15072"/>
</testsuite> <!-- AleartClass15072 -->
