<?xml version="1.0" encoding="UTF-8"?>
<!-- Generated by org.testng.reporters.JUnitReportReporter -->
<testsuite hostname="DESKTOP-1F9SE2L" name="EditClass" tests="1" failures="0" timestamp="19 Jul 2021 09:27:28 GMT" time="12.276" errors="0">
  <testcase name="editModule" time="12.276" classname="EditClass"/>
</testsuite> <!-- EditClass -->
