<?xml version="1.0" encoding="UTF-8"?>
<!-- Generated by org.testng.reporters.JUnitReportReporter -->
<testsuite hostname="DESKTOP-1F9SE2L" name="DownloadFile" tests="1" failures="0" timestamp="26 Jul 2021 15:17:56 GMT" time="29.725" errors="0">
  <testcase name="DownlodModule" time="29.725" classname="DownloadFile"/>
</testsuite> <!-- DownloadFile -->
