<?xml version="1.0" encoding="UTF-8"?>
<!-- Generated by org.testng.reporters.JUnitReportReporter -->
<testsuite hostname="DESKTOP-1F9SE2L" name="Cookies" tests="1" failures="0" timestamp="23 Jul 2021 10:42:46 GMT" time="29.076" errors="0">
  <testcase name="CookiesModule" time="29.076" classname="Cookies"/>
</testsuite> <!-- Cookies -->
