<?xml version="1.0" encoding="UTF-8"?>
<!-- Generated by org.testng.reporters.JUnitReportReporter -->
<testsuite hostname="DESKTOP-1F9SE2L" name="Dropdownclass" tests="1" failures="0" timestamp="18 Jul 2021 09:16:26 GMT" time="14.514" errors="0">
  <testcase name="Dropmodule" time="14.514" classname="Dropdownclass"/>
</testsuite> <!-- Dropdownclass -->
