<?xml version="1.0" encoding="UTF-8"?>
<!-- Generated by org.testng.reporters.JUnitReportReporter -->
<testsuite hostname="DESKTOP-1F9SE2L" name="LinkClass" tests="1" failures="0" timestamp="18 Jul 2021 09:27:54 GMT" time="12.918" errors="0">
  <testcase name="LinkModule" time="12.918" classname="LinkClass"/>
</testsuite> <!-- LinkClass -->
