<?xml version="1.0" encoding="UTF-8"?>
<!-- Generated by org.testng.reporters.JUnitReportReporter -->
<testsuite hostname="DESKTOP-1F9SE2L" name="UnorderedList" tests="1" failures="0" timestamp="21 Jul 2021 04:33:49 GMT" time="34.653" errors="0">
  <testcase name="UnorderedListModule" time="34.653" classname="UnorderedList"/>
</testsuite> <!-- UnorderedList -->
