<?xml version="1.0" encoding="UTF-8"?>
<!-- Generated by org.testng.reporters.JUnitReportReporter -->
<testsuite hostname="DESKTOP-1F9SE2L" name="fromExcel" tests="1" failures="0" timestamp="22 Jul 2021 17:50:25 GMT" time="29.775" errors="0">
  <testcase name="fromexcel" time="29.775" classname="fromExcel"/>
</testsuite> <!-- fromExcel -->
